4/28/2023, 6:45:32 AM | INFO | Database connected successfully ✅ ✅ ✅  | 

4/28/2023, 6:46:03 AM | INFO | Redis connected successfully ✅ ✅ ✅  | 

4/28/2023, 6:47:26 AM | INFO | Redis connected successfully ✅ ✅ ✅  | 

4/28/2023, 11:33:33 AM | INFO | Redis connected successfully ✅ ✅ ✅  | 

4/28/2023, 11:33:33 AM | INFO | Database connected successfully ✅ ✅ ✅  | 

4/28/2023, 11:34:58 AM | INFO | Product count retrieved successfully ✅ ✅ ✅  | 

4/28/2023, 11:34:58 AM | INFO | Product count cached successfully ✅ ✅ ✅  | 

4/28/2023, 11:34:58 AM | INFO | Products retrieved successfully ✅ ✅ ✅  | 

4/28/2023, 11:34:58 AM | INFO | Products cached successfully ✅ ✅ ✅  | 

4/28/2023, 11:35:49 AM | INFO | Product count retrieved successfully ✅ ✅ ✅  | 

4/28/2023, 11:35:49 AM | INFO | Products retrieved successfully ✅ ✅ ✅  | 

4/28/2023, 11:36:15 AM | INFO | Product count retrieved successfully ✅ ✅ ✅  | 

4/28/2023, 11:36:15 AM | INFO | Products retrieved successfully ✅ ✅ ✅  | 

4/28/2023, 11:36:15 AM | INFO | Products cached successfully ✅ ✅ ✅  | 

4/28/2023, 11:36:19 AM | INFO | Product count retrieved successfully ✅ ✅ ✅  | 

4/28/2023, 11:36:19 AM | INFO | Products retrieved successfully ✅ ✅ ✅  | 

4/28/2023, 11:36:43 AM | INFO | Product count retrieved successfully ✅ ✅ ✅  | 

4/28/2023, 11:36:43 AM | INFO | Products retrieved successfully ✅ ✅ ✅  | 

4/28/2023, 11:36:43 AM | INFO | Products cached successfully ✅ ✅ ✅  | 

4/28/2023, 11:37:01 AM | INFO | Product count retrieved successfully ✅ ✅ ✅  | 

4/28/2023, 11:37:01 AM | INFO | Products retrieved successfully ✅ ✅ ✅  | 

4/28/2023, 11:37:02 AM | INFO | Products cached successfully ✅ ✅ ✅  | 

4/28/2023, 11:37:07 AM | INFO | Product count retrieved successfully ✅ ✅ ✅  | 

4/28/2023, 11:37:07 AM | INFO | Products retrieved successfully ✅ ✅ ✅  | 

4/28/2023, 11:37:53 AM | INFO | Product count retrieved successfully ✅ ✅ ✅  | 

4/28/2023, 11:37:53 AM | INFO | Products retrieved successfully ✅ ✅ ✅  | 

4/28/2023, 11:37:53 AM | INFO | Products cached successfully ✅ ✅ ✅  | 

4/28/2023, 11:39:08 AM | INFO | Product count retrieved successfully ✅ ✅ ✅  | 

4/28/2023, 11:39:08 AM | INFO | Products retrieved successfully ✅ ✅ ✅  | 

4/28/2023, 11:39:56 AM | INFO | Product count retrieved successfully ✅ ✅ ✅  | 

4/28/2023, 11:39:56 AM | INFO | Products retrieved successfully ✅ ✅ ✅  | 

4/28/2023, 11:40:55 AM | INFO | Products cached successfully ✅ ✅ ✅  | 

4/28/2023, 11:41:19 AM | INFO | Product count retrieved successfully ✅ ✅ ✅  | 

4/28/2023, 11:41:19 AM | INFO | Products retrieved successfully ✅ ✅ ✅  | 

4/28/2023, 11:42:17 AM | INFO | Products cached successfully ✅ ✅ ✅  | 

4/28/2023, 11:42:51 AM | INFO | Product count retrieved successfully ✅ ✅ ✅  | 

4/28/2023, 11:42:51 AM | INFO | Products retrieved successfully ✅ ✅ ✅  | 

4/28/2023, 11:44:21 AM | INFO | Products cached successfully ✅ ✅ ✅  | 

4/28/2023, 11:47:27 AM | INFO | Redis connected successfully ✅ ✅ ✅  | 

4/28/2023, 11:47:28 AM | INFO | Database connected successfully ✅ ✅ ✅  | 

4/28/2023, 11:48:40 AM | INFO | Redis connected successfully ✅ ✅ ✅  | 

4/28/2023, 11:48:40 AM | INFO | Database connected successfully ✅ ✅ ✅  | 

4/28/2023, 11:49:20 AM | INFO | Product count retrieved successfully ✅ ✅ ✅  | 

4/28/2023, 11:49:20 AM | INFO | Products retrieved successfully ✅ ✅ ✅  | 

4/28/2023, 11:49:26 AM | INFO | Product count retrieved successfully ✅ ✅ ✅  | 

4/28/2023, 11:49:26 AM | INFO | Products retrieved successfully ✅ ✅ ✅  | 

4/28/2023, 11:49:26 AM | INFO | Products cached successfully ✅ ✅ ✅  | 

4/28/2023, 11:52:02 AM | INFO | Product count retrieved successfully ✅ ✅ ✅  | 

4/28/2023, 11:52:02 AM | INFO | Products retrieved successfully ✅ ✅ ✅  | 

4/28/2023, 11:53:11 AM | INFO | Redis connected successfully ✅ ✅ ✅  | 

4/28/2023, 11:53:11 AM | INFO | Database connected successfully ✅ ✅ ✅  | 

4/28/2023, 11:53:14 AM | INFO | Product count retrieved successfully ✅ ✅ ✅  | 

4/28/2023, 11:53:14 AM | INFO | Products retrieved successfully ✅ ✅ ✅  | 

4/28/2023, 11:53:14 AM | INFO | Products cached successfully ✅ ✅ ✅  | 

4/28/2023, 11:53:19 AM | INFO | Product count retrieved successfully ✅ ✅ ✅  | 

4/28/2023, 11:53:19 AM | INFO | Products retrieved successfully ✅ ✅ ✅  | 

4/28/2023, 11:53:19 AM | INFO | Products cached successfully ✅ ✅ ✅  | 

4/28/2023, 11:53:31 AM | INFO | Product count retrieved successfully ✅ ✅ ✅  | 

4/28/2023, 11:53:31 AM | INFO | Products retrieved successfully ✅ ✅ ✅  | 

4/28/2023, 11:53:43 AM | INFO | Product count retrieved successfully ✅ ✅ ✅  | 

4/28/2023, 11:53:43 AM | INFO | Products retrieved successfully ✅ ✅ ✅  | 

4/28/2023, 11:53:43 AM | INFO | Products cached successfully ✅ ✅ ✅  | 

4/28/2023, 1:56:21 PM | INFO | Redis connected successfully ✅ ✅ ✅  | 

4/28/2023, 1:56:22 PM | INFO | Database connected successfully ✅ ✅ ✅  | 

4/28/2023, 2:05:16 PM | INFO | Redis connected successfully ✅ ✅ ✅  | 

4/28/2023, 2:05:16 PM | INFO | Database connected successfully ✅ ✅ ✅  | 

4/28/2023, 2:09:17 PM | INFO | Product count retrieved successfully ✅ ✅ ✅  | 

4/28/2023, 2:09:17 PM | INFO | Product count cached successfully ✅ ✅ ✅  | 

4/28/2023, 2:09:17 PM | INFO | Products retrieved successfully ✅ ✅ ✅  | 

4/28/2023, 2:09:17 PM | INFO | Products cached successfully ✅ ✅ ✅  | 

4/28/2023, 2:09:43 PM | INFO | Product count retrieved successfully ✅ ✅ ✅  | 

4/28/2023, 2:09:43 PM | INFO | Products retrieved successfully ✅ ✅ ✅  | 

4/28/2023, 2:09:51 PM | INFO | Product count retrieved successfully ✅ ✅ ✅  | 

4/28/2023, 2:09:51 PM | INFO | Products retrieved successfully ✅ ✅ ✅  | 

4/28/2023, 2:09:52 PM | INFO | Product count retrieved successfully ✅ ✅ ✅  | 

4/28/2023, 2:09:52 PM | INFO | Products retrieved successfully ✅ ✅ ✅  | 

4/28/2023, 2:09:58 PM | INFO | Product count retrieved successfully ✅ ✅ ✅  | 

4/28/2023, 2:09:58 PM | INFO | Products retrieved successfully ✅ ✅ ✅  | 

4/28/2023, 2:09:58 PM | INFO | Products cached successfully ✅ ✅ ✅  | 

4/28/2023, 2:09:59 PM | INFO | Product count retrieved successfully ✅ ✅ ✅  | 

4/28/2023, 2:09:59 PM | INFO | Products retrieved successfully ✅ ✅ ✅  | 

4/28/2023, 2:10:01 PM | INFO | Product count retrieved successfully ✅ ✅ ✅  | 

4/28/2023, 2:10:01 PM | INFO | Products retrieved successfully ✅ ✅ ✅  | 

4/28/2023, 2:10:03 PM | INFO | Product count retrieved successfully ✅ ✅ ✅  | 

4/28/2023, 2:10:03 PM | INFO | Products retrieved successfully ✅ ✅ ✅  | 

4/28/2023, 2:10:04 PM | INFO | Product count retrieved successfully ✅ ✅ ✅  | 

4/28/2023, 2:10:04 PM | INFO | Products retrieved successfully ✅ ✅ ✅  | 

4/28/2023, 2:10:17 PM | INFO | Product count retrieved successfully ✅ ✅ ✅  | 

4/28/2023, 2:10:17 PM | INFO | Products retrieved successfully ✅ ✅ ✅  | 

4/28/2023, 2:10:17 PM | INFO | Products cached successfully ✅ ✅ ✅  | 

4/28/2023, 2:10:19 PM | INFO | Product count retrieved successfully ✅ ✅ ✅  | 

4/28/2023, 2:10:19 PM | INFO | Products retrieved successfully ✅ ✅ ✅  | 

4/28/2023, 2:30:35 PM | INFO | Redis connected successfully ✅ ✅ ✅  | 

4/28/2023, 2:30:35 PM | INFO | Product count retrieved successfully ✅ ✅ ✅  | 

4/28/2023, 2:30:35 PM | INFO | Products retrieved successfully ✅ ✅ ✅  | 

4/28/2023, 2:30:35 PM | INFO | Database connected successfully ✅ ✅ ✅  | 

4/28/2023, 2:30:35 PM | INFO | Products cached successfully ✅ ✅ ✅  | 

4/28/2023, 2:30:35 PM | INFO | Product count retrieved successfully ✅ ✅ ✅  | 

4/28/2023, 2:30:35 PM | INFO | Products retrieved successfully ✅ ✅ ✅  | 

4/28/2023, 2:30:35 PM | INFO | Products cached successfully ✅ ✅ ✅  | 

4/28/2023, 2:31:54 PM | INFO | Redis connected successfully ✅ ✅ ✅  | 

4/28/2023, 2:31:54 PM | INFO | Product count retrieved successfully ✅ ✅ ✅  | 

4/28/2023, 2:31:54 PM | INFO | Products retrieved successfully ✅ ✅ ✅  | 

4/28/2023, 2:31:54 PM | INFO | Database connected successfully ✅ ✅ ✅  | 

4/28/2023, 2:31:54 PM | INFO | Product count retrieved successfully ✅ ✅ ✅  | 

4/28/2023, 2:31:54 PM | INFO | Products retrieved successfully ✅ ✅ ✅  | 

4/28/2023, 2:32:23 PM | INFO | Redis connected successfully ✅ ✅ ✅  | 

4/28/2023, 2:32:23 PM | INFO | Product count retrieved successfully ✅ ✅ ✅  | 

4/28/2023, 2:32:23 PM | INFO | Products retrieved successfully ✅ ✅ ✅  | 

4/28/2023, 2:32:23 PM | INFO | Database connected successfully ✅ ✅ ✅  | 

4/28/2023, 2:32:23 PM | INFO | Product count retrieved successfully ✅ ✅ ✅  | 

4/28/2023, 2:32:23 PM | INFO | Products retrieved successfully ✅ ✅ ✅  | 

4/28/2023, 2:33:14 PM | INFO | Redis connected successfully ✅ ✅ ✅  | 

4/28/2023, 2:33:14 PM | INFO | Product count retrieved successfully ✅ ✅ ✅  | 

4/28/2023, 2:33:14 PM | INFO | Products retrieved successfully ✅ ✅ ✅  | 

4/28/2023, 2:33:14 PM | INFO | Database connected successfully ✅ ✅ ✅  | 

4/28/2023, 2:33:14 PM | INFO | Product count retrieved successfully ✅ ✅ ✅  | 

4/28/2023, 2:33:14 PM | INFO | Products retrieved successfully ✅ ✅ ✅  | 

4/28/2023, 3:38:14 PM | INFO | Redis connected successfully ✅ ✅ ✅  | 

4/28/2023, 3:38:22 PM | INFO | Product count retrieved successfully ✅ ✅ ✅  | 

4/28/2023, 3:38:22 PM | INFO | Products retrieved successfully ✅ ✅ ✅  | 

4/28/2023, 3:48:48 PM | INFO | Redis connected successfully ✅ ✅ ✅  | 

4/28/2023, 3:49:25 PM | INFO | Redis connected successfully ✅ ✅ ✅  | 

